{"/Users/audricpandele/projects/cig-test/src/db/database.ts": {"path":"/Users/audricpandele/projects/cig-test/src/db/database.ts","statementMap":{"0":{"start":{"line":7,"column":0},"end":{"line":7,"column":7}},"1":{"start":{"line":1,"column":0},"end":{"line":1,"column":57}},"2":{"start":{"line":2,"column":0},"end":{"line":2,"column":30}},"3":{"start":{"line":5,"column":3},"end":{"line":5,"column":78}},"4":{"start":{"line":8,"column":13},"end":{"line":11,"column":4}},"5":{"start":{"line":13,"column":2},"end":{"line":20,"column":7}},"6":{"start":{"line":22,"column":2},"end":{"line":22,"column":12}}},"fnMap":{"0":{"name":"initializeDatabase","decl":{"start":{"line":7,"column":22},"end":{"line":7,"column":40}},"loc":{"start":{"line":7,"column":40},"end":{"line":23,"column":1}}}},"branchMap":{"0":{"loc":{"start":{"line":5,"column":3},"end":{"line":5,"column":78}},"type":"binary-expr","locations":[{"start":{"line":5,"column":3},"end":{"line":5,"column":28}},{"start":{"line":5,"column":33},"end":{"line":5,"column":67}},{"start":{"line":5,"column":71},"end":{"line":5,"column":78}}]}},"s":{"0":1,"1":1,"2":1,"3":1,"4":1,"5":1,"6":1},"f":{"0":1},"b":{"0":[1,0,0]}}
,"/Users/audricpandele/projects/cig-test/src/db/eventRepository.ts": {"path":"/Users/audricpandele/projects/cig-test/src/db/eventRepository.ts","statementMap":{"0":{"start":{"line":5,"column":22},"end":{"line":5,"column":34}},"1":{"start":{"line":15,"column":31},"end":{"line":16,"column":null}},"2":{"start":{"line":19,"column":4},"end":{"line":24,"column":8}},"3":{"start":{"line":19,"column":28},"end":{"line":24,"column":6}},"4":{"start":{"line":28,"column":4},"end":{"line":34,"column":6}},"5":{"start":{"line":38,"column":4},"end":{"line":41,"column":6}},"6":{"start":{"line":4,"column":0},"end":{"line":4,"column":13}}},"fnMap":{"0":{"name":"(anonymous_0)","decl":{"start":{"line":5,"column":2},"end":{"line":5,"column":22}},"loc":{"start":{"line":5,"column":34},"end":{"line":5,"column":38}}},"1":{"name":"(anonymous_1)","decl":{"start":{"line":7,"column":2},"end":{"line":7,"column":7}},"loc":{"start":{"line":7,"column":23},"end":{"line":25,"column":3}}},"2":{"name":"(anonymous_2)","decl":{"start":{"line":19,"column":20},"end":{"line":19,"column":21}},"loc":{"start":{"line":19,"column":28},"end":{"line":24,"column":6}}},"3":{"name":"(anonymous_3)","decl":{"start":{"line":27,"column":2},"end":{"line":27,"column":7}},"loc":{"start":{"line":27,"column":32},"end":{"line":35,"column":3}}},"4":{"name":"(anonymous_4)","decl":{"start":{"line":37,"column":2},"end":{"line":37,"column":7}},"loc":{"start":{"line":37,"column":33},"end":{"line":42,"column":3}}}},"branchMap":{},"s":{"0":1,"1":1,"2":1,"3":1,"4":1,"5":1,"6":1},"f":{"0":1,"1":1,"2":1,"3":1,"4":1},"b":{}}
,"/Users/audricpandele/projects/cig-test/src/scheduler/scheduler.ts": {"path":"/Users/audricpandele/projects/cig-test/src/scheduler/scheduler.ts","statementMap":{"0":{"start":{"line":6,"column":19},"end":{"line":6,"column":52}},"1":{"start":{"line":9,"column":18},"end":{"line":9,"column":41}},"2":{"start":{"line":10,"column":4},"end":{"line":13,"column":5}},"3":{"start":{"line":11,"column":6},"end":{"line":11,"column":23}},"4":{"start":{"line":12,"column":6},"end":{"line":12,"column":13}},"5":{"start":{"line":15,"column":18},"end":{"line":18,"column":13}},"6":{"start":{"line":16,"column":6},"end":{"line":16,"column":23}},"7":{"start":{"line":17,"column":6},"end":{"line":17,"column":35}},"8":{"start":{"line":20,"column":4},"end":{"line":20,"column":37}},"9":{"start":{"line":5,"column":0},"end":{"line":5,"column":13}}},"fnMap":{"0":{"name":"(anonymous_0)","decl":{"start":{"line":8,"column":2},"end":{"line":8,"column":10}},"loc":{"start":{"line":8,"column":51},"end":{"line":21,"column":3}}},"1":{"name":"(anonymous_1)","decl":{"start":{"line":15,"column":29},"end":{"line":15,"column":32}},"loc":{"start":{"line":15,"column":34},"end":{"line":18,"column":5}}}},"branchMap":{"0":{"loc":{"start":{"line":10,"column":4},"end":{"line":13,"column":5}},"type":"if","locations":[{"start":{"line":10,"column":4},"end":{"line":13,"column":5}}]}},"s":{"0":2,"1":2,"2":2,"3":1,"4":1,"5":1,"6":1,"7":1,"8":1,"9":1},"f":{"0":2,"1":1},"b":{"0":[1]}}
,"/Users/audricpandele/projects/cig-test/src/services/eventService.ts": {"path":"/Users/audricpandele/projects/cig-test/src/services/eventService.ts","statementMap":{"0":{"start":{"line":8,"column":12},"end":{"line":8,"column":44}},"1":{"start":{"line":9,"column":12},"end":{"line":9,"column":44}},"2":{"start":{"line":10,"column":12},"end":{"line":10,"column":32}},"3":{"start":{"line":14,"column":25},"end":{"line":19,"column":6}},"4":{"start":{"line":20,"column":4},"end":{"line":20,"column":41}},"5":{"start":{"line":21,"column":4},"end":{"line":21,"column":50}},"6":{"start":{"line":22,"column":4},"end":{"line":22,"column":30}},"7":{"start":{"line":26,"column":4},"end":{"line":35,"column":7}},"8":{"start":{"line":27,"column":6},"end":{"line":27,"column":53}},"9":{"start":{"line":29,"column":6},"end":{"line":29,"column":67}},"10":{"start":{"line":31,"column":6},"end":{"line":34,"column":9}},"11":{"start":{"line":6,"column":0},"end":{"line":6,"column":13}}},"fnMap":{"0":{"name":"(anonymous_0)","decl":{"start":{"line":7,"column":2},"end":{"line":7,"column":null}},"loc":{"start":{"line":10,"column":32},"end":{"line":11,"column":6}}},"1":{"name":"(anonymous_1)","decl":{"start":{"line":13,"column":2},"end":{"line":13,"column":7}},"loc":{"start":{"line":13,"column":46},"end":{"line":23,"column":3}}},"2":{"name":"(anonymous_2)","decl":{"start":{"line":25,"column":2},"end":{"line":25,"column":15}},"loc":{"start":{"line":25,"column":28},"end":{"line":36,"column":3}}},"3":{"name":"(anonymous_3)","decl":{"start":{"line":26,"column":35},"end":{"line":26,"column":40}},"loc":{"start":{"line":26,"column":60},"end":{"line":35,"column":5}}}},"branchMap":{},"s":{"0":1,"1":1,"2":1,"3":1,"4":1,"5":1,"6":1,"7":1,"8":1,"9":1,"10":1,"11":1},"f":{"0":1,"1":1,"2":1,"3":1},"b":{}}
,"/Users/audricpandele/projects/cig-test/src/websocket/websocketServer.ts": {"path":"/Users/audricpandele/projects/cig-test/src/websocket/websocketServer.ts","statementMap":{"0":{"start":{"line":1,"column":0},"end":{"line":1,"column":48}},"1":{"start":{"line":10,"column":4},"end":{"line":10,"column":45}},"2":{"start":{"line":12,"column":4},"end":{"line":16,"column":7}},"3":{"start":{"line":13,"column":6},"end":{"line":15,"column":9}},"4":{"start":{"line":14,"column":8},"end":{"line":14,"column":48}},"5":{"start":{"line":18,"column":4},"end":{"line":18,"column":70}},"6":{"start":{"line":22,"column":4},"end":{"line":26,"column":7}},"7":{"start":{"line":23,"column":6},"end":{"line":25,"column":7}},"8":{"start":{"line":24,"column":8},"end":{"line":24,"column":45}},"9":{"start":{"line":32,"column":4},"end":{"line":32,"column":38}},"10":{"start":{"line":36,"column":41},"end":{"line":36,"column":60}},"11":{"start":{"line":37,"column":4},"end":{"line":63,"column":5}},"12":{"start":{"line":39,"column":8},"end":{"line":39,"column":43}},"13":{"start":{"line":39,"column":36},"end":{"line":39,"column":43}},"14":{"start":{"line":41,"column":8},"end":{"line":44,"column":9}},"15":{"start":{"line":42,"column":10},"end":{"line":42,"column":60}},"16":{"start":{"line":43,"column":10},"end":{"line":43,"column":17}},"17":{"start":{"line":46,"column":8},"end":{"line":58,"column":13}},"18":{"start":{"line":51,"column":12},"end":{"line":54,"column":14}},"19":{"start":{"line":57,"column":12},"end":{"line":57,"column":70}},"20":{"start":{"line":59,"column":8},"end":{"line":59,"column":14}},"21":{"start":{"line":62,"column":8},"end":{"line":62,"column":66}},"22":{"start":{"line":5,"column":0},"end":{"line":5,"column":13}}},"fnMap":{"0":{"name":"(anonymous_0)","decl":{"start":{"line":9,"column":2},"end":{"line":9,"column":7}},"loc":{"start":{"line":9,"column":20},"end":{"line":19,"column":3}}},"1":{"name":"(anonymous_1)","decl":{"start":{"line":12,"column":30},"end":{"line":12,"column":31}},"loc":{"start":{"line":12,"column":37},"end":{"line":16,"column":5}}},"2":{"name":"(anonymous_2)","decl":{"start":{"line":13,"column":23},"end":{"line":13,"column":24}},"loc":{"start":{"line":13,"column":32},"end":{"line":15,"column":7}}},"3":{"name":"(anonymous_3)","decl":{"start":{"line":21,"column":2},"end":{"line":21,"column":18}},"loc":{"start":{"line":21,"column":41},"end":{"line":27,"column":3}}},"4":{"name":"(anonymous_4)","decl":{"start":{"line":22,"column":29},"end":{"line":22,"column":30}},"loc":{"start":{"line":22,"column":40},"end":{"line":26,"column":5}}},"5":{"name":"(anonymous_5)","decl":{"start":{"line":29,"column":2},"end":{"line":29,"column":23}},"loc":{"start":{"line":30,"column":58},"end":{"line":33,"column":3}}},"6":{"name":"(anonymous_6)","decl":{"start":{"line":35,"column":10},"end":{"line":35,"column":23}},"loc":{"start":{"line":35,"column":54},"end":{"line":64,"column":3}}},"7":{"name":"(anonymous_7)","decl":{"start":{"line":50,"column":16},"end":{"line":50,"column":19}},"loc":{"start":{"line":50,"column":21},"end":{"line":55,"column":11}}},"8":{"name":"(anonymous_8)","decl":{"start":{"line":56,"column":17},"end":{"line":56,"column":18}},"loc":{"start":{"line":56,"column":25},"end":{"line":58,"column":11}}}},"branchMap":{"0":{"loc":{"start":{"line":23,"column":6},"end":{"line":25,"column":7}},"type":"if","locations":[{"start":{"line":23,"column":6},"end":{"line":25,"column":7}}]},"1":{"loc":{"start":{"line":37,"column":4},"end":{"line":63,"column":5}},"type":"switch","locations":[{"start":{"line":38,"column":6},"end":{"line":59,"column":14}},{"start":{"line":61,"column":6},"end":{"line":62,"column":66}}]},"2":{"loc":{"start":{"line":39,"column":8},"end":{"line":39,"column":43}},"type":"if","locations":[{"start":{"line":39,"column":8},"end":{"line":39,"column":43}}]},"3":{"loc":{"start":{"line":41,"column":8},"end":{"line":44,"column":9}},"type":"if","locations":[{"start":{"line":41,"column":8},"end":{"line":44,"column":9}}]}},"s":{"0":1,"1":1,"2":1,"3":1,"4":1,"5":1,"6":0,"7":0,"8":0,"9":1,"10":1,"11":1,"12":1,"13":0,"14":1,"15":0,"16":0,"17":1,"18":1,"19":0,"20":1,"21":0,"22":1},"f":{"0":1,"1":1,"2":1,"3":0,"4":0,"5":1,"6":1,"7":1,"8":0},"b":{"0":[0],"1":[1,0],"2":[0],"3":[0]}}
}
