TN:
SF:src/db/database.ts
FN:7,initializeDatabase
FNF:1
FNH:1
FNDA:1,initializeDatabase
DA:1,1
DA:2,1
DA:5,1
DA:7,1
DA:8,1
DA:13,1
DA:22,1
LF:7
LH:7
BRDA:5,0,0,1
BRDA:5,0,1,0
BRDA:5,0,2,0
BRF:3
BRH:1
end_of_record
TN:
SF:src/db/eventRepository.ts
FN:5,(anonymous_0)
FN:7,(anonymous_1)
FN:19,(anonymous_2)
FN:27,(anonymous_3)
FN:37,(anonymous_4)
FNF:5
FNH:5
FNDA:1,(anonymous_0)
FNDA:1,(anonymous_1)
FNDA:1,(anonymous_2)
FNDA:1,(anonymous_3)
FNDA:1,(anonymous_4)
DA:4,1
DA:5,1
DA:15,1
DA:19,1
DA:28,1
DA:38,1
LF:6
LH:6
BRF:0
BRH:0
end_of_record
TN:
SF:src/scheduler/scheduler.ts
FN:8,(anonymous_0)
FN:15,(anonymous_1)
FNF:2
FNH:2
FNDA:2,(anonymous_0)
FNDA:1,(anonymous_1)
DA:5,1
DA:6,2
DA:9,2
DA:10,2
DA:11,1
DA:12,1
DA:15,1
DA:16,1
DA:17,1
DA:20,1
LF:10
LH:10
BRDA:10,0,0,1
BRF:1
BRH:1
end_of_record
TN:
SF:src/services/eventService.ts
FN:7,(anonymous_0)
FN:13,(anonymous_1)
FN:25,(anonymous_2)
FN:26,(anonymous_3)
FNF:4
FNH:4
FNDA:1,(anonymous_0)
FNDA:1,(anonymous_1)
FNDA:1,(anonymous_2)
FNDA:1,(anonymous_3)
DA:6,1
DA:8,1
DA:9,1
DA:10,1
DA:14,1
DA:20,1
DA:21,1
DA:22,1
DA:26,1
DA:27,1
DA:29,1
DA:31,1
LF:12
LH:12
BRF:0
BRH:0
end_of_record
TN:
SF:src/websocket/websocketServer.ts
FN:9,(anonymous_0)
FN:12,(anonymous_1)
FN:13,(anonymous_2)
FN:21,(anonymous_3)
FN:22,(anonymous_4)
FN:29,(anonymous_5)
FN:35,(anonymous_6)
FN:50,(anonymous_7)
FN:56,(anonymous_8)
FNF:9
FNH:6
FNDA:1,(anonymous_0)
FNDA:1,(anonymous_1)
FNDA:1,(anonymous_2)
FNDA:0,(anonymous_3)
FNDA:0,(anonymous_4)
FNDA:1,(anonymous_5)
FNDA:1,(anonymous_6)
FNDA:1,(anonymous_7)
FNDA:0,(anonymous_8)
DA:1,1
DA:5,1
DA:10,1
DA:12,1
DA:13,1
DA:14,1
DA:18,1
DA:22,0
DA:23,0
DA:24,0
DA:32,1
DA:36,1
DA:37,1
DA:39,1
DA:41,1
DA:42,0
DA:43,0
DA:46,1
DA:51,1
DA:57,0
DA:59,1
DA:62,0
LF:22
LH:15
BRDA:23,0,0,0
BRDA:37,1,0,1
BRDA:37,1,1,0
BRDA:39,2,0,0
BRDA:41,3,0,0
BRF:5
BRH:1
end_of_record
